<?xml version="1.0" encoding="UTF-8"?>
<!-- Generated by org.testng.reporters.JUnitReportReporter -->
<testsuite hostname="Laxmi" failures="0" tests="1" name="com.douglas.utils.Practice" time="67.393" errors="0" timestamp="2024-08-05T11:11:03 CEST" skipped="0">
  <testcase classname="com.douglas.utils.Practice" name="test" time="67.393"/>
</testsuite> <!-- com.douglas.utils.Practice -->
